<?xml version="1.0" encoding="UTF-8"?>
<testng-results skipped="0" failed="0" ignored="0" total="1" passed="1">
  <reporter-output>
  </reporter-output>
  <suite name="Surefire suite" duration-ms="34" started-at="2021-07-06T15:14:52 COT" finished-at="2021-07-06T15:14:52 COT">
    <groups>
    </groups>
    <test name="Surefire test" duration-ms="34" started-at="2021-07-06T15:14:52 COT" finished-at="2021-07-06T15:14:52 COT">
      <class name="Novae.testcases.Appium_TestCase">
        <test-method status="PASS" signature="shouldAnswerWithTrue()" name="shouldAnswerWithTrue" duration-ms="11" started-at="2021-07-06T15:14:52 COT" finished-at="2021-07-06T15:14:52 COT">
          <reporter-output>
          </reporter-output>
        </test-method> <!-- shouldAnswerWithTrue -->
      </class> <!-- Novae.testcases.Appium_TestCase -->
    </test> <!-- Surefire test -->
  </suite> <!-- Surefire suite -->
</testng-results>
