<?xml version="1.0" encoding="UTF-8"?>
<testng-results skipped="0" failed="0" ignored="0" total="1" passed="1">
  <reporter-output>
  </reporter-output>
  <suite name="Surefire suite" duration-ms="26272" started-at="2021-07-06T15:14:25 COT" finished-at="2021-07-06T15:14:52 COT">
    <groups>
    </groups>
    <test name="Surefire test" duration-ms="26272" started-at="2021-07-06T15:14:25 COT" finished-at="2021-07-06T15:14:52 COT">
      <class name="Novae.testcases.OneWay_TestCase">
        <test-method status="PASS" signature="startDriver()[pri:0, instance:Novae.testcases.OneWay_TestCase@4b553d26]" name="startDriver" is-config="true" duration-ms="10022" started-at="2021-07-06T15:14:25 COT" finished-at="2021-07-06T15:14:35 COT">
          <reporter-output>
          </reporter-output>
        </test-method> <!-- startDriver -->
        <test-method status="PASS" signature="baseNavigation(java.lang.String,java.lang.String,java.lang.String,java.lang.String)[pri:0, instance:Novae.testcases.OneWay_TestCase@4b553d26]" name="baseNavigation" duration-ms="14306" started-at="2021-07-06T15:14:36 COT" data-provider="getData" finished-at="2021-07-06T15:14:50 COT">
          <params>
            <param index="0">
              <value>
                <![CDATA[Dubai]]>
              </value>
            </param>
            <param index="1">
              <value>
                <![CDATA[Delhi, India]]>
              </value>
            </param>
            <param index="2">
              <value>
                <![CDATA[DXB]]>
              </value>
            </param>
            <param index="3">
              <value>
                <![CDATA[DEL]]>
              </value>
            </param>
          </params>
          <reporter-output>
          </reporter-output>
        </test-method> <!-- baseNavigation -->
        <test-method status="PASS" signature="closedriver()[pri:0, instance:Novae.testcases.OneWay_TestCase@4b553d26]" name="closedriver" is-config="true" duration-ms="1276" started-at="2021-07-06T15:14:50 COT" finished-at="2021-07-06T15:14:52 COT">
          <reporter-output>
          </reporter-output>
        </test-method> <!-- closedriver -->
      </class> <!-- Novae.testcases.OneWay_TestCase -->
    </test> <!-- Surefire test -->
  </suite> <!-- Surefire suite -->
</testng-results>
